2021-10-19 21:01:39,049 base.py[line:20] INFO 打开网址http://101.251.192.227:5001/
2021-10-19 21:01:39,050 base.py[line:48] INFO 输入元素LoginName文字:test
2021-10-19 21:01:39,121 base.py[line:48] INFO 输入元素Password文字:acctrue1
2021-10-19 21:01:39,171 base.py[line:33] INFO 点击元素:btnLogin
2021-10-19 21:02:19,696 base.py[line:20] INFO 打开网址http://101.251.192.227:5001/
2021-10-19 21:02:19,696 base.py[line:48] INFO 输入元素LoginName文字:test
2021-10-19 21:02:19,758 base.py[line:48] INFO 输入元素Password文字:acctrue1
2021-10-19 21:02:19,802 base.py[line:33] INFO 点击元素:btnLogin
2021-10-19 21:03:12,045 base.py[line:20] INFO 打开网址http://101.251.192.227:5001/
2021-10-19 21:03:12,045 base.py[line:48] INFO 输入元素LoginName文字:test
2021-10-19 21:03:12,112 base.py[line:48] INFO 输入元素Password文字:acctrue1
2021-10-19 21:03:12,157 base.py[line:33] INFO 点击元素:btnLogin
2021-10-19 21:03:12,212 base.py[line:82] INFO 移动失败
2021-10-19 21:04:19,284 base.py[line:20] INFO 打开网址http://101.251.192.227:5001/
2021-10-19 21:04:19,284 base.py[line:48] INFO 输入元素LoginName文字:test
2021-10-19 21:04:19,347 base.py[line:48] INFO 输入元素Password文字:acctrue1
2021-10-19 21:04:19,392 base.py[line:33] INFO 点击元素:btnLogin
2021-10-19 21:04:24,465 base.py[line:82] INFO 移动失败
2021-10-19 21:05:57,825 base.py[line:20] INFO 打开网址http://101.251.192.227:5001/
2021-10-19 21:05:57,825 base.py[line:48] INFO 输入元素LoginName文字:test
2021-10-19 21:05:57,924 base.py[line:48] INFO 输入元素Password文字:acctrue1
2021-10-19 21:05:57,971 base.py[line:33] INFO 点击元素:btnLogin
2021-10-19 21:06:03,026 base.py[line:82] INFO 移动失败
2021-10-19 21:07:07,236 base.py[line:20] INFO 打开网址http://101.251.192.227:5001/
2021-10-19 21:07:07,237 base.py[line:48] INFO 输入元素LoginName文字:test
2021-10-19 21:07:07,303 base.py[line:48] INFO 输入元素Password文字:acctrue1
2021-10-19 21:07:07,348 base.py[line:33] INFO 点击元素:btnLogin
2021-10-19 21:07:12,403 base.py[line:82] INFO 移动失败:'Base' object has no attribute 'find_element'
2021-10-19 21:13:23,084 base.py[line:20] INFO 打开网址http://101.251.192.227:5001/
2021-10-19 21:13:23,085 base.py[line:48] INFO 输入元素LoginName文字:test
2021-10-19 21:13:23,129 base.py[line:48] INFO 输入元素Password文字:acctrue1
2021-10-19 21:13:23,170 base.py[line:33] INFO 点击元素:btnLogin
2021-10-19 21:13:33,232 base.py[line:83] INFO 移动失败:'Base' object has no attribute 'find_element'
2021-10-19 21:13:50,681 base.py[line:20] INFO 打开网址http://101.251.192.227:5001/
2021-10-19 21:13:50,681 base.py[line:48] INFO 输入元素LoginName文字:test
2021-10-19 21:13:50,724 base.py[line:48] INFO 输入元素Password文字:acctrue1
2021-10-19 21:13:50,771 base.py[line:33] INFO 点击元素:btnLogin
2021-10-19 21:20:10,106 base.py[line:21] INFO 打开网址http://101.251.192.227:5001/
2021-10-19 21:20:10,107 base.py[line:49] INFO 输入元素LoginName文字:test
2021-10-19 21:20:10,162 base.py[line:49] INFO 输入元素Password文字:acctrue1
2021-10-19 21:20:10,205 base.py[line:34] INFO 点击元素:btnLogin
2021-10-19 21:21:41,256 base.py[line:21] INFO 打开网址http://101.251.192.227:5001/
2021-10-19 21:21:41,257 base.py[line:49] INFO 输入元素LoginName文字:test
2021-10-19 21:21:41,304 base.py[line:49] INFO 输入元素Password文字:acctrue1
2021-10-19 21:21:41,347 base.py[line:34] INFO 点击元素:btnLogin
2021-10-19 21:24:10,354 base.py[line:21] INFO 打开网址http://101.251.192.227:5001/
2021-10-19 21:24:10,354 base.py[line:49] INFO 输入元素LoginName文字:test
2021-10-19 21:24:10,418 base.py[line:49] INFO 输入元素Password文字:acctrue1
2021-10-19 21:24:10,462 base.py[line:34] INFO 点击元素:btnLogin
2021-10-19 21:24:15,521 base.py[line:34] INFO 点击元素:LoginName
2021-10-19 21:25:01,611 base.py[line:21] INFO 打开网址http://101.251.192.227:5001/
2021-10-19 21:25:01,612 base.py[line:49] INFO 输入元素LoginName文字:test
2021-10-19 21:25:01,678 base.py[line:49] INFO 输入元素Password文字:acctrue1
2021-10-19 21:25:01,722 base.py[line:34] INFO 点击元素:btnLogin
2021-10-19 21:27:21,062 base.py[line:21] INFO 打开网址http://101.251.192.227:5001/
2021-10-19 21:27:21,062 base.py[line:49] INFO 输入元素LoginName文字:test
2021-10-19 21:27:21,135 base.py[line:49] INFO 输入元素Password文字:acctrue1
2021-10-19 21:27:21,180 base.py[line:34] INFO 点击元素:btnLogin
2021-10-19 21:29:28,372 base.py[line:21] INFO 打开网址http://101.251.192.227:5001/
2021-10-19 21:29:28,373 base.py[line:49] INFO 输入元素LoginName文字:test
2021-10-19 21:29:28,438 base.py[line:49] INFO 输入元素Password文字:acctrue1
2021-10-19 21:29:28,488 base.py[line:34] INFO 点击元素:btnLogin
2021-10-19 21:29:38,563 base.py[line:82] INFO 移动到元素//*[@id="sidebarnav"]/li[14]对象的”顶端“，与当前窗口的”顶部“对齐
2021-10-20 20:21:20,843 base.py[line:21] INFO 打开网址http://101.251.192.227:5001/
2021-10-20 20:21:20,849 base.py[line:49] INFO 输入元素LoginName文字:test
2021-10-20 20:21:20,913 base.py[line:49] INFO 输入元素Password文字:acctrue1
2021-10-20 20:21:20,956 base.py[line:34] INFO 点击元素:btnLogin
2021-10-20 20:23:20,747 base.py[line:19] INFO 打开网址http://101.251.192.227:5001/
2021-10-20 20:23:20,748 base.py[line:47] INFO 输入元素LoginName文字:test
2021-10-20 20:23:20,809 base.py[line:47] INFO 输入元素Password文字:acctrue1
2021-10-20 20:23:20,855 base.py[line:32] INFO 点击元素:btnLogin
2021-10-20 20:23:30,944 base.py[line:80] INFO 移动到元素//*[@id="sidebarnav"]/li[14]对象的”顶端“，与当前窗口的”顶部“对齐
2021-10-29 00:02:12,694 base.py[line:15] INFO 打开网址http://101.251.192.227:5001/
2021-10-29 00:02:12,701 base.py[line:43] INFO 输入元素LoginName文字:test
2021-10-29 00:02:12,765 base.py[line:43] INFO 输入元素Password文字:acctrue1
2021-10-29 00:02:12,809 base.py[line:28] INFO 点击元素:btnLogin
2021-10-29 00:02:22,973 conftest.py[line:12] INFO 自动化测试结束--------------------
2021-10-29 00:05:30,029 base.py[line:15] INFO 打开网址http://101.251.192.227:5001/
2021-10-29 00:05:30,029 base.py[line:43] INFO 输入元素LoginName文字:test
2021-10-29 00:05:30,090 base.py[line:43] INFO 输入元素Password文字:acctrue1
2021-10-29 00:05:30,132 base.py[line:28] INFO 点击元素:btnLogin
2021-10-29 00:05:40,262 conftest.py[line:12] INFO 自动化测试结束--------------------
2021-10-29 00:08:50,004 base.py[line:15] INFO 打开网址http://101.251.192.227:5001/
2021-10-29 00:08:50,005 base.py[line:43] INFO 输入元素LoginName文字:test
2021-10-29 00:08:50,068 base.py[line:43] INFO 输入元素Password文字:acctrue1
2021-10-29 00:08:50,113 base.py[line:28] INFO 点击元素:btnLogin
2021-10-29 00:09:00,264 conftest.py[line:12] INFO 自动化测试结束--------------------
2021-10-29 00:10:19,145 base.py[line:15] INFO 打开网址http://101.251.192.227:5001/
2021-10-29 00:10:19,145 base.py[line:43] INFO 输入元素LoginName文字:test
2021-10-29 00:10:19,205 base.py[line:43] INFO 输入元素Password文字:acctrue1
2021-10-29 00:10:19,247 base.py[line:28] INFO 点击元素:btnLogin
2021-10-29 00:10:29,582 base.py[line:67] INFO 成功获取截图，路径：E:\python\shweb_auto\photo\//*[@id="sidebarnav"]/li[14]_2021-10-29 00:10:29.png
2021-10-29 00:10:29,582 base.py[line:79] INFO 移动失败:Message: no such element: Unable to locate element: {"method":"xpath","selector":"//*[@id="sidebarnav"]/li[14]"}
  (Session info: chrome=72.0.3626.121)
  (Driver info: chromedriver=72.0.3626.7 (efcef9a3ecda02b2132af215116a03852d08b9cb),platform=Windows NT 10.0.19043 x86_64)

2021-10-29 00:10:29,582 conftest.py[line:12] INFO 自动化测试结束--------------------
2021-10-29 00:13:01,642 base.py[line:15] INFO 打开网址http://101.251.192.227:5001/
2021-10-29 00:13:01,644 base.py[line:43] INFO 输入元素LoginName文字:test
2021-10-29 00:13:01,716 base.py[line:43] INFO 输入元素Password文字:acctrue1
2021-10-29 00:13:01,758 base.py[line:28] INFO 点击元素:btnLogin
2021-10-29 00:13:11,892 conftest.py[line:12] INFO 自动化测试结束--------------------
2021-10-29 00:19:55,733 base.py[line:15] INFO 打开网址http://101.251.192.227:5001/
2021-10-29 00:19:55,735 base.py[line:43] INFO 输入元素LoginName文字:test
2021-10-29 00:19:55,796 base.py[line:43] INFO 输入元素Password文字:acctrue1
2021-10-29 00:19:55,839 base.py[line:28] INFO 点击元素:btnLogin
2021-10-29 00:20:15,735 conftest.py[line:16] INFO 自动化测试结束--------------------
2021-10-29 00:21:53,147 base.py[line:15] INFO 打开网址http://101.251.192.227:5001/
2021-10-29 00:21:53,149 base.py[line:43] INFO 输入元素LoginName文字:test
2021-10-29 00:21:53,213 base.py[line:43] INFO 输入元素Password文字:acctrue1
2021-10-29 00:21:53,259 base.py[line:28] INFO 点击元素:btnLogin
2021-10-29 00:22:13,127 conftest.py[line:16] INFO 自动化测试结束--------------------
2021-10-29 00:28:49,602 base.py[line:19] INFO 打开网址http://101.251.192.227:5001/
2021-10-29 00:28:49,603 base.py[line:47] INFO 输入元素LoginName文字:test
2021-10-29 00:28:49,658 base.py[line:47] INFO 输入元素Password文字:acctrue1
2021-10-29 00:28:49,701 base.py[line:32] INFO 点击元素:btnLogin
2021-10-29 00:28:59,837 conftest.py[line:16] INFO 自动化测试结束--------------------
2021-10-29 00:30:08,321 base.py[line:19] INFO 打开网址http://101.251.192.227:5001/
2021-10-29 00:30:08,322 base.py[line:47] INFO 输入元素LoginName文字:test
2021-10-29 00:30:08,383 base.py[line:47] INFO 输入元素Password文字:acctrue1
2021-10-29 00:30:08,426 base.py[line:32] INFO 点击元素:btnLogin
2021-10-29 00:30:18,558 conftest.py[line:16] INFO 自动化测试结束--------------------
2021-10-29 00:31:16,179 base.py[line:19] INFO 打开网址http://101.251.192.227:5001/
2021-10-29 00:31:16,181 base.py[line:47] INFO 输入元素LoginName文字:test
2021-10-29 00:31:16,251 base.py[line:47] INFO 输入元素Password文字:acctrue1
2021-10-29 00:31:16,294 base.py[line:32] INFO 点击元素:btnLogin
2021-10-29 00:31:26,627 base.py[line:71] INFO 成功获取截图，路径：E:\python\shweb_auto\screenshot\2021-10-29 00:31:26.png
2021-10-29 00:31:26,627 base.py[line:107] INFO 移动失败:Message: no such element: Unable to locate element: {"method":"xpath","selector":"//*[@id="sidebarnav"]/li[14]"}
  (Session info: chrome=72.0.3626.121)
  (Driver info: chromedriver=72.0.3626.7 (efcef9a3ecda02b2132af215116a03852d08b9cb),platform=Windows NT 10.0.19043 x86_64)

2021-10-29 00:31:26,628 conftest.py[line:16] INFO 自动化测试结束--------------------
2021-10-29 00:37:57,435 conftest.py[line:15] INFO 自动化测试开始--------------------
2021-10-29 00:37:58,565 base.py[line:15] INFO 打开网址http://101.251.192.227:5001/
2021-10-29 00:37:58,566 base.py[line:43] INFO 输入元素LoginName文字:test
2021-10-29 00:37:58,624 base.py[line:43] INFO 输入元素Password文字:acctrue1
2021-10-29 00:37:58,667 base.py[line:28] INFO 点击元素:btnLogin
2021-10-29 00:38:08,811 conftest.py[line:18] INFO 自动化测试结束--------------------
2021-10-29 00:39:43,296 conftest.py[line:15] INFO 自动化测试开始--------------------
2021-10-29 00:39:45,228 base.py[line:15] INFO 打开网址http://101.251.192.227:5001/
2021-10-29 00:39:45,229 base.py[line:43] INFO 输入元素LoginName文字:test
2021-10-29 00:39:45,307 base.py[line:43] INFO 输入元素Password文字:acctrue1
2021-10-29 00:39:45,354 base.py[line:28] INFO 点击元素:btnLogin
2021-10-29 00:39:55,501 conftest.py[line:18] INFO 自动化测试结束--------------------
2021-10-29 00:40:12,536 conftest.py[line:15] INFO 自动化测试开始--------------------
2021-10-29 00:40:16,226 base.py[line:15] INFO 打开网址http://101.251.192.227:5001/
2021-10-29 00:40:16,227 base.py[line:43] INFO 输入元素LoginName文字:test
2021-10-29 00:40:16,267 base.py[line:43] INFO 输入元素Password文字:acctrue1
2021-10-29 00:40:16,348 base.py[line:28] INFO 点击元素:btnLogin
2021-10-29 00:40:26,493 conftest.py[line:18] INFO 自动化测试结束--------------------
2021-10-29 00:47:03,846 conftest.py[line:15] INFO 自动化测试开始--------------------
2021-10-29 00:47:04,336 base.py[line:15] INFO 打开网址http://101.251.192.227:5001/
2021-10-29 00:47:04,337 base.py[line:43] INFO 输入元素LoginName文字:test
2021-10-29 00:47:04,395 base.py[line:43] INFO 输入元素Password文字:acctrue1
2021-10-29 00:47:04,438 base.py[line:28] INFO 点击元素:btnLogin
2021-10-29 00:47:14,591 conftest.py[line:18] INFO 自动化测试结束--------------------
2021-10-29 00:55:02,416 conftest.py[line:15] INFO 自动化测试开始--------------------
2021-10-29 00:55:02,927 base.py[line:18] INFO 打开网址http://101.251.192.227:5001/
2021-10-29 00:55:02,928 base.py[line:46] INFO 输入元素LoginName文字:test
2021-10-29 00:55:02,990 base.py[line:46] INFO 输入元素Password文字:acctrue1
2021-10-29 00:55:03,035 base.py[line:31] INFO 点击元素:btnLogin
2021-10-29 00:55:13,170 conftest.py[line:18] INFO 自动化测试结束--------------------
2021-10-29 00:57:30,117 conftest.py[line:15] INFO 自动化测试开始--------------------
2021-10-29 00:57:30,748 base.py[line:18] INFO 打开网址http://101.251.192.227:5001/
2021-10-29 00:57:30,749 base.py[line:46] INFO 输入元素LoginName文字:test
2021-10-29 00:57:30,806 base.py[line:46] INFO 输入元素Password文字:acctrue1
2021-10-29 00:57:30,849 base.py[line:31] INFO 点击元素:btnLogin
2021-10-29 00:57:40,984 conftest.py[line:18] INFO 自动化测试结束--------------------
2021-10-29 01:01:03,602 conftest.py[line:15] INFO 自动化测试开始--------------------
2021-10-29 01:01:04,090 base.py[line:19] INFO 打开网址http://101.251.192.227:5001/
2021-10-29 01:01:04,091 base.py[line:47] INFO 输入元素LoginName文字:test
2021-10-29 01:01:04,154 base.py[line:47] INFO 输入元素Password文字:acctrue1
2021-10-29 01:01:04,198 base.py[line:32] INFO 点击元素:btnLogin
2021-10-29 01:01:14,543 base.py[line:70] INFO 成功获取截图，路径：E:\python\shweb_auto\2021-10-29 01:01:14.png
2021-10-29 01:01:14,622 conftest.py[line:18] INFO 自动化测试结束--------------------
2021-10-29 01:04:20,497 conftest.py[line:15] INFO 自动化测试开始--------------------
2021-10-29 01:04:21,036 base.py[line:19] INFO 打开网址http://101.251.192.227:5001/
2021-10-29 01:04:21,037 base.py[line:47] INFO 输入元素LoginName文字:test
2021-10-29 01:04:21,102 base.py[line:47] INFO 输入元素Password文字:acctrue1
2021-10-29 01:04:21,147 base.py[line:32] INFO 点击元素:btnLogin
2021-10-29 01:04:31,492 base.py[line:70] INFO 成功获取截图，路径：E:\python\shweb_auto\2021-10-29 01:04:31.png
2021-10-29 01:04:31,573 conftest.py[line:18] INFO 自动化测试结束--------------------
2021-10-29 01:06:06,742 conftest.py[line:15] INFO 自动化测试开始--------------------
2021-10-29 01:06:07,292 base.py[line:19] INFO 打开网址http://101.251.192.227:5001/
2021-10-29 01:06:07,293 base.py[line:47] INFO 输入元素LoginName文字:test
2021-10-29 01:06:07,338 base.py[line:47] INFO 输入元素Password文字:acctrue1
2021-10-29 01:06:07,386 base.py[line:32] INFO 点击元素:btnLogin
2021-10-29 01:06:17,722 base.py[line:70] INFO 成功获取截图，路径：E:\python\shweb_auto\2021-10-29 01:06:17.png
2021-10-29 01:06:17,802 conftest.py[line:18] INFO 自动化测试结束--------------------
2021-10-29 01:09:44,511 conftest.py[line:15] INFO 自动化测试开始--------------------
2021-10-29 01:09:45,150 base.py[line:19] INFO 打开网址http://101.251.192.227:5001/
2021-10-29 01:09:45,151 base.py[line:47] INFO 输入元素LoginName文字:test
2021-10-29 01:09:45,211 base.py[line:47] INFO 输入元素Password文字:acctrue1
2021-10-29 01:09:45,259 base.py[line:32] INFO 点击元素:btnLogin
2021-10-29 01:09:55,578 base.py[line:70] INFO 成功获取截图，路径：E:\python\shweb_auto\2021-10-29 01:09:55.png
2021-10-29 01:09:55,660 conftest.py[line:18] INFO 自动化测试结束--------------------
2021-10-29 01:26:26,693 conftest.py[line:15] INFO 自动化测试开始--------------------
2021-10-29 01:26:27,343 base.py[line:19] INFO 打开网址http://101.251.192.227:5001/
2021-10-29 01:26:27,345 base.py[line:47] INFO 输入元素LoginName文字:test
2021-10-29 01:26:27,458 base.py[line:47] INFO 输入元素Password文字:acctrue1
2021-10-29 01:26:27,518 base.py[line:32] INFO 点击元素:btnLogin
2021-10-29 01:26:37,879 base.py[line:70] INFO 成功获取截图，路径：E:\python\shweb_auto\photo.png
2021-10-29 01:26:37,880 base.py[line:85] INFO 移动失败:Message: no such element: Unable to locate element: {"method":"xpath","selector":"//*[@id="sidebarnav"]/li[14]"}
  (Session info: chrome=72.0.3626.121)
  (Driver info: chromedriver=72.0.3626.7 (efcef9a3ecda02b2132af215116a03852d08b9cb),platform=Windows NT 6.1.7600 x86_64)

2021-10-29 01:26:37,881 conftest.py[line:18] INFO 自动化测试结束--------------------
2021-10-29 01:28:38,093 conftest.py[line:15] INFO 自动化测试开始--------------------
2021-10-29 01:28:38,834 base.py[line:19] INFO 打开网址http://101.251.192.227:5001/
2021-10-29 01:28:38,835 base.py[line:47] INFO 输入元素LoginName文字:test
2021-10-29 01:28:38,930 base.py[line:47] INFO 输入元素Password文字:acctrue1
2021-10-29 01:28:38,992 base.py[line:32] INFO 点击元素:btnLogin
2021-10-29 01:28:49,346 base.py[line:70] INFO 成功获取截图，路径：E:\python\shweb_auto\20211029012849.png
2021-10-29 01:28:49,353 base.py[line:85] INFO 移动失败:Message: no such element: Unable to locate element: {"method":"xpath","selector":"//*[@id="sidebarnav"]/li[14]"}
  (Session info: chrome=72.0.3626.121)
  (Driver info: chromedriver=72.0.3626.7 (efcef9a3ecda02b2132af215116a03852d08b9cb),platform=Windows NT 6.1.7600 x86_64)

2021-10-29 01:28:49,354 conftest.py[line:18] INFO 自动化测试结束--------------------
2021-10-29 01:30:18,469 conftest.py[line:15] INFO 自动化测试开始--------------------
2021-10-29 01:30:19,130 base.py[line:19] INFO 打开网址http://101.251.192.227:5001/
2021-10-29 01:30:19,132 base.py[line:47] INFO 输入元素LoginName文字:test
2021-10-29 01:30:19,209 base.py[line:47] INFO 输入元素Password文字:acctrue1
2021-10-29 01:30:19,269 base.py[line:32] INFO 点击元素:btnLogin
2021-10-29 01:30:29,676 base.py[line:70] INFO 成功获取截图，路径：E:\python\shweb_auto\20211029013029.png
2021-10-29 01:30:29,792 conftest.py[line:18] INFO 自动化测试结束--------------------
2021-10-29 01:31:26,586 conftest.py[line:15] INFO 自动化测试开始--------------------
2021-10-29 01:31:27,445 base.py[line:19] INFO 打开网址http://101.251.192.227:5001/
2021-10-29 01:31:27,446 base.py[line:47] INFO 输入元素LoginName文字:test
2021-10-29 01:31:27,539 base.py[line:47] INFO 输入元素Password文字:acctrue1
2021-10-29 01:31:27,600 base.py[line:32] INFO 点击元素:btnLogin
2021-10-29 01:31:37,953 base.py[line:70] INFO 成功获取截图，路径：E:\python\shweb_auto\20211029013137.png
2021-10-29 01:31:38,063 conftest.py[line:18] INFO 自动化测试结束--------------------
2021-10-29 01:33:05,360 conftest.py[line:15] INFO 自动化测试开始--------------------
2021-10-29 01:33:05,928 base.py[line:19] INFO 打开网址http://101.251.192.227:5001/
2021-10-29 01:33:05,929 base.py[line:47] INFO 输入元素LoginName文字:test
2021-10-29 01:33:06,026 base.py[line:47] INFO 输入元素Password文字:acctrue1
2021-10-29 01:33:06,087 base.py[line:32] INFO 点击元素:btnLogin
2021-10-29 01:33:16,478 base.py[line:70] INFO 成功获取截图，路径：E:\python\shweb_auto\20211029013316.png
2021-10-29 01:33:16,590 conftest.py[line:18] INFO 自动化测试结束--------------------
2021-10-29 01:34:24,394 conftest.py[line:15] INFO 自动化测试开始--------------------
2021-10-29 01:34:24,995 base.py[line:19] INFO 打开网址http://101.251.192.227:5001/
2021-10-29 01:34:24,996 base.py[line:47] INFO 输入元素LoginName文字:test
2021-10-29 01:34:25,099 base.py[line:47] INFO 输入元素Password文字:acctrue1
2021-10-29 01:34:25,164 base.py[line:32] INFO 点击元素:btnLogin
2021-10-29 01:34:35,569 base.py[line:70] INFO 成功获取截图，路径：E:\python\shweb_auto\20211029013435\photo\.png
2021-10-29 01:34:35,683 conftest.py[line:18] INFO 自动化测试结束--------------------
2021-10-29 01:41:11,712 conftest.py[line:15] INFO 自动化测试开始--------------------
2021-10-29 01:41:12,351 base.py[line:19] INFO 打开网址http://101.251.192.227:5001/
2021-10-29 01:41:12,352 base.py[line:47] INFO 输入元素LoginName文字:test
2021-10-29 01:41:12,452 base.py[line:47] INFO 输入元素Password文字:acctrue1
2021-10-29 01:41:12,513 base.py[line:32] INFO 点击元素:btnLogin
2021-10-29 01:41:22,912 base.py[line:70] INFO 成功获取截图，路径：E:\python\shweb_auto\config..\photo\20211029014122.png
2021-10-29 01:41:23,028 conftest.py[line:18] INFO 自动化测试结束--------------------
2021-10-29 01:44:56,418 conftest.py[line:15] INFO 自动化测试开始--------------------
2021-10-29 01:44:57,079 base.py[line:19] INFO 打开网址http://101.251.192.227:5001/
2021-10-29 01:44:57,080 base.py[line:47] INFO 输入元素LoginName文字:test
2021-10-29 01:44:57,177 base.py[line:47] INFO 输入元素Password文字:acctrue1
2021-10-29 01:44:57,239 base.py[line:32] INFO 点击元素:btnLogin
2021-10-29 01:45:07,630 base.py[line:70] INFO 成功获取截图，路径：E:\python\shweb_aut\photo\20211029014507.png
2021-10-29 01:45:07,745 conftest.py[line:18] INFO 自动化测试结束--------------------
2021-10-29 01:46:04,819 conftest.py[line:15] INFO 自动化测试开始--------------------
2021-10-29 01:46:05,415 base.py[line:19] INFO 打开网址http://101.251.192.227:5001/
2021-10-29 01:46:05,416 base.py[line:47] INFO 输入元素LoginName文字:test
2021-10-29 01:46:05,515 base.py[line:47] INFO 输入元素Password文字:acctrue1
2021-10-29 01:46:05,578 base.py[line:32] INFO 点击元素:btnLogin
2021-10-29 01:46:15,962 base.py[line:70] INFO 成功获取截图，路径：E:\python\shweb_aut\photo\20211029014615.png
2021-10-29 01:46:16,078 conftest.py[line:18] INFO 自动化测试结束--------------------
2021-10-29 01:47:06,938 conftest.py[line:15] INFO 自动化测试开始--------------------
2021-10-29 01:47:07,531 base.py[line:19] INFO 打开网址http://101.251.192.227:5001/
2021-10-29 01:47:07,533 base.py[line:47] INFO 输入元素LoginName文字:test
2021-10-29 01:47:07,629 base.py[line:47] INFO 输入元素Password文字:acctrue1
2021-10-29 01:47:07,691 base.py[line:32] INFO 点击元素:btnLogin
2021-10-29 01:47:17,802 base.py[line:68] INFO E:\python\shweb_aut\photo\20211029014717.png
2021-10-29 01:47:18,082 base.py[line:70] INFO 成功获取截图，路径：E:\python\shweb_aut\photo\20211029014717.png
2021-10-29 01:47:18,192 conftest.py[line:18] INFO 自动化测试结束--------------------
2021-10-29 01:48:34,210 conftest.py[line:15] INFO 自动化测试开始--------------------
2021-10-29 01:48:34,862 base.py[line:19] INFO 打开网址http://101.251.192.227:5001/
2021-10-29 01:48:34,863 base.py[line:47] INFO 输入元素LoginName文字:test
2021-10-29 01:48:34,941 base.py[line:47] INFO 输入元素Password文字:acctrue1
2021-10-29 01:48:35,009 base.py[line:32] INFO 点击元素:btnLogin
2021-10-29 01:48:45,124 base.py[line:68] INFO E:\python\shweb_auto\photo\20211029014845.png
2021-10-29 01:48:45,399 base.py[line:70] INFO 成功获取截图，路径：E:\python\shweb_auto\photo\20211029014845.png
2021-10-29 01:48:45,400 base.py[line:85] INFO 移动失败:Message: no such element: Unable to locate element: {"method":"xpath","selector":"//*[@id="sidebarnav"]/li[14]"}
  (Session info: chrome=72.0.3626.121)
  (Driver info: chromedriver=72.0.3626.7 (efcef9a3ecda02b2132af215116a03852d08b9cb),platform=Windows NT 6.1.7600 x86_64)

2021-10-29 01:48:45,401 conftest.py[line:18] INFO 自动化测试结束--------------------
2021-10-29 01:50:06,953 conftest.py[line:15] INFO 自动化测试开始--------------------
2021-10-29 01:50:07,686 base.py[line:19] INFO 打开网址http://101.251.192.227:5001/
2021-10-29 01:50:07,688 base.py[line:47] INFO 输入元素LoginName文字:test
2021-10-29 01:50:07,758 base.py[line:47] INFO 输入元素Password文字:acctrue1
2021-10-29 01:50:07,830 base.py[line:32] INFO 点击元素:btnLogin
2021-10-29 01:50:17,938 base.py[line:68] INFO E:\python\shweb_auto\photo\20211029015017.png
2021-10-29 01:50:18,203 base.py[line:70] INFO 成功获取截图，路径：E:\python\shweb_auto\photo\20211029015017.png
2021-10-29 01:50:18,204 base.py[line:85] INFO 移动失败:Message: no such element: Unable to locate element: {"method":"xpath","selector":"//*[@id="sidebarnav"]/li[14]"}
  (Session info: chrome=72.0.3626.121)
  (Driver info: chromedriver=72.0.3626.7 (efcef9a3ecda02b2132af215116a03852d08b9cb),platform=Windows NT 6.1.7600 x86_64)

2021-10-29 01:50:18,205 conftest.py[line:18] INFO 自动化测试结束--------------------
2021-10-29 01:52:31,943 conftest.py[line:15] INFO 自动化测试开始--------------------
2021-10-29 01:52:32,558 base.py[line:19] INFO 打开网址http://101.251.192.227:5001/
2021-10-29 01:52:32,560 base.py[line:47] INFO 输入元素LoginName文字:test
2021-10-29 01:52:32,654 base.py[line:47] INFO 输入元素Password文字:acctrue1
2021-10-29 01:52:32,758 base.py[line:32] INFO 点击元素:btnLogin
2021-10-29 01:52:42,835 base.py[line:68] INFO E:\python\shweb_auto\photo\20211029015242.png
2021-10-29 01:52:43,107 base.py[line:70] INFO 成功获取截图，路径：E:\python\shweb_auto\photo\20211029015242.png
2021-10-29 01:52:43,107 base.py[line:85] INFO 移动失败:Message: no such element: Unable to locate element: {"method":"xpath","selector":"//*[@id="sidebarnav"]/li[14]"}
  (Session info: chrome=72.0.3626.121)
  (Driver info: chromedriver=72.0.3626.7 (efcef9a3ecda02b2132af215116a03852d08b9cb),platform=Windows NT 6.1.7600 x86_64)

2021-10-29 01:52:43,146 conftest.py[line:19] INFO 自动化测试结束--------------------
2021-10-29 01:53:13,204 conftest.py[line:15] INFO 自动化测试开始--------------------
2021-10-29 01:53:13,792 base.py[line:19] INFO 打开网址http://101.251.192.227:5001/
2021-10-29 01:53:13,793 base.py[line:47] INFO 输入元素LoginName文字:test
2021-10-29 01:53:13,886 base.py[line:47] INFO 输入元素Password文字:acctrue1
2021-10-29 01:53:13,969 base.py[line:32] INFO 点击元素:btnLogin
2021-10-29 01:53:24,058 base.py[line:68] INFO E:\python\shweb_auto\photo\20211029015324.png
2021-10-29 01:53:24,324 base.py[line:70] INFO 成功获取截图，路径：E:\python\shweb_auto\photo\20211029015324.png
2021-10-29 01:53:24,324 base.py[line:85] INFO 移动失败:Message: no such element: Unable to locate element: {"method":"xpath","selector":"//*[@id="sidebarnav"]/li[14]"}
  (Session info: chrome=72.0.3626.121)
  (Driver info: chromedriver=72.0.3626.7 (efcef9a3ecda02b2132af215116a03852d08b9cb),platform=Windows NT 6.1.7600 x86_64)

2021-10-29 01:53:24,361 conftest.py[line:19] INFO 自动化测试结束--------------------
2021-10-29 01:57:00,079 conftest.py[line:15] INFO 自动化测试开始--------------------
2021-10-29 01:57:00,906 base.py[line:19] INFO 打开网址http://101.251.192.227:5001/
2021-10-29 01:57:00,908 base.py[line:47] INFO 输入元素LoginName文字:test
2021-10-29 01:57:01,032 base.py[line:47] INFO 输入元素Password文字:acctrue1
2021-10-29 01:57:01,094 base.py[line:32] INFO 点击元素:btnLogin
2021-10-29 01:57:06,268 conftest.py[line:19] INFO 自动化测试结束--------------------
2021-10-29 01:59:32,488 conftest.py[line:15] INFO 自动化测试开始--------------------
2021-10-29 01:59:33,087 base.py[line:19] INFO 打开网址http://101.251.192.227:5001/
2021-10-29 01:59:42,643 base.py[line:47] INFO 输入元素LoginName文字:test
2021-10-29 01:59:42,697 base.py[line:47] INFO 输入元素Password文字:acctrue1
2021-10-29 01:59:42,757 base.py[line:32] INFO 点击元素:btnLogin
2021-10-29 01:59:59,789 conftest.py[line:19] INFO 自动化测试结束--------------------
2021-10-29 02:01:45,987 conftest.py[line:15] INFO 自动化测试开始--------------------
2021-10-29 02:01:46,564 base.py[line:19] INFO 打开网址http://101.251.192.227:5001/
2021-10-29 02:01:46,565 base.py[line:47] INFO 输入元素LoginName文字:test
2021-10-29 02:01:46,660 base.py[line:47] INFO 输入元素Password文字:acctrue1
2021-10-29 02:01:46,718 base.py[line:32] INFO 点击元素:btnLogin
2021-10-29 02:01:51,926 conftest.py[line:19] INFO 自动化测试结束--------------------
2021-10-29 02:03:49,598 base.py[line:68] INFO E:\python\shweb_auto\photo\20211029020349.png
2021-10-29 02:04:27,924 base.py[line:68] INFO E:\python\shweb_auto\photo\20211029020427.png
2021-10-29 02:05:22,615 base.py[line:68] INFO E:\python\shweb_auto\photo\20211029020522.png
2021-10-29 02:06:16,936 conftest.py[line:15] INFO 自动化测试开始--------------------
2021-10-29 02:06:17,531 base.py[line:19] INFO 打开网址http://101.251.192.227:5001/
2021-10-29 02:06:17,532 base.py[line:47] INFO 输入元素LoginName文字:test
2021-10-29 02:06:17,674 base.py[line:47] INFO 输入元素Password文字:acctrue1
2021-10-29 02:06:17,733 base.py[line:32] INFO 点击元素:btnLogin
2021-10-29 02:06:22,960 conftest.py[line:19] INFO 自动化测试结束--------------------
2021-10-29 02:08:56,555 conftest.py[line:15] INFO 自动化测试开始--------------------
2021-10-29 02:08:57,400 base.py[line:19] INFO 打开网址http://101.251.192.227:5001/
2021-10-29 02:08:57,401 base.py[line:47] INFO 输入元素LoginName文字:test
2021-10-29 02:08:57,498 base.py[line:47] INFO 输入元素Password文字:acctrue1
2021-10-29 02:08:57,557 base.py[line:32] INFO 点击元素:btnLogin
2021-10-29 02:09:02,732 conftest.py[line:19] INFO 自动化测试结束--------------------
2021-10-29 02:09:35,879 conftest.py[line:15] INFO 自动化测试开始--------------------
2021-10-29 02:09:36,821 base.py[line:19] INFO 打开网址http://101.251.192.227:5001/
2021-10-29 02:09:36,823 base.py[line:47] INFO 输入元素LoginName文字:test
2021-10-29 02:09:36,924 base.py[line:47] INFO 输入元素Password文字:acctrue1
2021-10-29 02:09:36,991 base.py[line:32] INFO 点击元素:btnLogin
2021-10-29 02:09:42,128 base.py[line:68] INFO E:\python\shweb_auto\photo\20211029020942.png
2021-10-29 02:09:42,167 conftest.py[line:19] INFO 自动化测试结束--------------------
2021-10-29 02:17:53,545 conftest.py[line:15] INFO 自动化测试开始--------------------
2021-10-29 02:17:54,085 base.py[line:19] INFO 打开网址http://101.251.192.227:5001/
2021-10-29 02:17:54,086 base.py[line:47] INFO 输入元素LoginName文字:test
2021-10-29 02:17:54,214 base.py[line:47] INFO 输入元素Password文字:acctrue1
2021-10-29 02:17:54,277 base.py[line:32] INFO 点击元素:btnLogin
2021-10-29 02:17:59,416 base.py[line:68] INFO E:\python\shweb_auto\photo\20211029021759.png
2021-10-29 02:17:59,416 base.py[line:68] INFO E:\python\shweb_auto\photo\20211029021759.png
2021-10-29 02:17:59,461 conftest.py[line:19] INFO 自动化测试结束--------------------
2021-10-29 02:25:08,075 conftest.py[line:15] INFO 自动化测试开始--------------------
2021-10-29 02:25:08,677 base.py[line:19] INFO 打开网址http://101.251.192.227:5001/
2021-10-29 02:25:08,679 base.py[line:47] INFO 输入元素LoginName文字:test
2021-10-29 02:25:08,772 base.py[line:47] INFO 输入元素Password文字:acctrue1
2021-10-29 02:25:08,830 base.py[line:32] INFO 点击元素:btnLogin
2021-10-29 02:25:13,960 base.py[line:77] INFO E:\python\shweb_auto\photo\20211029022513.png
2021-10-29 02:25:14,224 base.py[line:79] INFO 成功获取截图，路径：E:\python\shweb_auto\photo\20211029022513.png
2021-10-29 02:25:14,265 conftest.py[line:19] INFO 自动化测试结束--------------------
2021-10-29 02:26:37,737 conftest.py[line:15] INFO 自动化测试开始--------------------
2021-10-29 02:26:38,530 base.py[line:19] INFO 打开网址http://101.251.192.227:5001/
2021-10-29 02:26:38,532 base.py[line:47] INFO 输入元素LoginName文字:test
2021-10-29 02:26:38,631 base.py[line:47] INFO 输入元素Password文字:acctrue1
2021-10-29 02:26:38,691 base.py[line:32] INFO 点击元素:btnLogin
2021-10-29 02:26:43,748 base.py[line:77] INFO E:\python\shweb_auto\photo\20211029022643.png
2021-10-29 02:26:44,052 base.py[line:79] INFO 成功获取截图，路径：E:\python\shweb_auto\photo\20211029022643.png
2021-10-29 02:26:44,108 conftest.py[line:19] INFO 自动化测试结束--------------------
2021-10-29 02:28:20,247 conftest.py[line:15] INFO 自动化测试开始--------------------
2021-10-29 02:28:20,877 base.py[line:19] INFO 打开网址http://101.251.192.227:5001/
2021-10-29 02:28:20,878 base.py[line:47] INFO 输入元素LoginName文字:test
2021-10-29 02:28:20,973 base.py[line:47] INFO 输入元素Password文字:acctrue1
2021-10-29 02:28:21,052 base.py[line:32] INFO 点击元素:btnLogin
2021-10-29 02:28:26,123 base.py[line:77] INFO E:\python\shweb_auto\photo\20211029022826.png
2021-10-29 02:28:26,392 base.py[line:79] INFO 成功获取截图，路径：E:\python\shweb_auto\photo\20211029022826.png
2021-10-29 02:28:26,433 conftest.py[line:19] INFO 自动化测试结束--------------------
2021-10-29 02:30:44,400 conftest.py[line:15] INFO 自动化测试开始--------------------
2021-10-29 02:30:44,926 base.py[line:19] INFO 打开网址http://101.251.192.227:5001/
2021-10-29 02:30:44,927 base.py[line:47] INFO 输入元素LoginName文字:test
2021-10-29 02:30:45,076 base.py[line:47] INFO 输入元素Password文字:acctrue1
2021-10-29 02:30:45,144 base.py[line:32] INFO 点击元素:btnLogin
2021-10-29 02:30:50,509 base.py[line:69] INFO 成功获取截图，路径：E:\python\shweb_auto\photo\20211029023050.png
2021-10-29 02:30:50,547 conftest.py[line:19] INFO 自动化测试结束--------------------
2021-10-29 02:43:47,918 conftest.py[line:15] INFO 自动化测试开始--------------------
2021-10-29 02:43:48,474 base.py[line:21] INFO 打开网址http://101.251.192.227:5001/
2021-10-29 02:43:48,475 base.py[line:49] INFO 输入元素LoginName文字:test
2021-10-29 02:43:48,601 base.py[line:49] INFO 输入元素Password文字:acctrue1
2021-10-29 02:43:48,664 base.py[line:34] INFO 点击元素:btnLogin
2021-10-29 02:43:53,834 conftest.py[line:19] INFO 自动化测试结束--------------------
2021-10-29 02:47:01,847 conftest.py[line:15] INFO 自动化测试开始--------------------
2021-10-29 02:47:02,401 base.py[line:21] INFO 打开网址http://101.251.192.227:5001/
2021-10-29 02:47:02,402 base.py[line:49] INFO 输入元素LoginName文字:test
2021-10-29 02:47:02,510 base.py[line:49] INFO 输入元素Password文字:acctrue1
2021-10-29 02:47:02,572 base.py[line:34] INFO 点击元素:btnLogin
2021-10-29 02:47:07,741 conftest.py[line:19] INFO 自动化测试结束--------------------
2021-10-29 02:48:13,392 conftest.py[line:15] INFO 自动化测试开始--------------------
2021-10-29 02:48:13,886 base.py[line:21] INFO 打开网址http://101.251.192.227:5001/
2021-10-29 02:48:13,887 base.py[line:49] INFO 输入元素LoginName文字:test
2021-10-29 02:48:14,042 base.py[line:49] INFO 输入元素Password文字:acctrue1
2021-10-29 02:48:14,104 base.py[line:34] INFO 点击元素:btnLogin
2021-10-29 02:48:19,276 conftest.py[line:19] INFO 自动化测试结束--------------------
2021-10-29 02:52:30,559 conftest.py[line:15] INFO 自动化测试开始--------------------
2021-10-29 02:52:31,090 base.py[line:21] INFO 打开网址http://101.251.192.227:5001/
2021-10-29 02:52:31,091 base.py[line:49] INFO 输入元素LoginName文字:test
2021-10-29 02:52:31,252 base.py[line:49] INFO 输入元素Password文字:acctrue1
2021-10-29 02:52:31,313 base.py[line:34] INFO 点击元素:btnLogin
2021-10-29 02:52:36,491 conftest.py[line:19] INFO 自动化测试结束--------------------
2021-10-29 03:18:22,058 conftest.py[line:16] INFO 自动化测试开始--------------------
2021-10-29 03:19:37,535 conftest.py[line:16] INFO 自动化测试开始--------------------
2021-10-29 03:19:38,091 base.py[line:21] INFO 打开网址http://101.251.192.227:5001/
2021-10-29 03:19:38,092 base.py[line:49] INFO 输入元素LoginName文字:test
2021-10-29 03:19:38,188 base.py[line:49] INFO 输入元素Password文字:acctrue1
2021-10-29 03:19:38,246 base.py[line:34] INFO 点击元素:btnLogin
2021-10-29 03:19:45,546 conftest.py[line:20] INFO 自动化测试结束--------------------
2021-10-29 03:21:09,037 conftest.py[line:16] INFO 自动化测试开始--------------------
2021-10-29 03:21:09,661 base.py[line:21] INFO 打开网址http://101.251.192.227:5001/
2021-10-29 03:21:09,662 base.py[line:49] INFO 输入元素LoginName文字:test
2021-10-29 03:21:09,737 base.py[line:49] INFO 输入元素Password文字:acctrue1
2021-10-29 03:21:09,794 base.py[line:34] INFO 点击元素:btnLogin
2021-10-29 03:21:17,079 conftest.py[line:20] INFO 自动化测试结束--------------------
2021-10-29 03:21:39,878 conftest.py[line:16] INFO 自动化测试开始--------------------
2021-10-29 03:21:40,346 base.py[line:21] INFO 打开网址http://101.251.192.227:5001/
2021-10-29 03:21:40,348 base.py[line:49] INFO 输入元素LoginName文字:test
2021-10-29 03:21:40,431 base.py[line:49] INFO 输入元素Password文字:acctrue1
2021-10-29 03:21:40,491 base.py[line:34] INFO 点击元素:btnLogin
2021-10-29 03:21:47,822 conftest.py[line:20] INFO 自动化测试结束--------------------
2021-10-29 03:22:15,429 conftest.py[line:16] INFO 自动化测试开始--------------------
2021-10-29 03:22:16,057 base.py[line:21] INFO 打开网址http://101.251.192.227:5001/
2021-10-29 03:22:16,058 base.py[line:49] INFO 输入元素LoginName文字:test
2021-10-29 03:22:16,131 base.py[line:49] INFO 输入元素Password文字:acctrue1
2021-10-29 03:22:16,222 base.py[line:34] INFO 点击元素:btnLogin
2021-10-29 03:22:23,448 conftest.py[line:20] INFO 自动化测试结束--------------------
2021-10-29 03:23:20,718 conftest.py[line:15] INFO 自动化测试开始--------------------
2021-10-29 03:23:21,601 base.py[line:21] INFO 打开网址http://101.251.192.227:5001/
2021-10-29 03:23:21,602 base.py[line:49] INFO 输入元素LoginName文字:test
2021-10-29 03:23:21,703 base.py[line:49] INFO 输入元素Password文字:acctrue1
2021-10-29 03:23:21,772 base.py[line:34] INFO 点击元素:btnLogin
2021-10-29 03:23:28,978 conftest.py[line:19] INFO 自动化测试结束--------------------
2021-10-29 03:45:10,685 base.py[line:21] INFO 打开网址http://101.251.192.227:5001/
2021-10-29 03:45:10,686 base.py[line:49] INFO 输入元素LoginName文字:test
2021-10-29 03:45:10,760 base.py[line:49] INFO 输入元素Password文字:acctrue1
2021-10-29 03:45:10,827 base.py[line:34] INFO 点击元素:btnLogin
2021-10-29 03:50:39,591 base.py[line:21] INFO 打开网址http://101.251.192.227:5001/
2021-10-29 03:50:39,592 base.py[line:49] INFO 输入元素LoginName文字:test
2021-10-29 03:50:39,651 base.py[line:49] INFO 输入元素Password文字:acctrue1
2021-10-29 03:50:39,712 base.py[line:34] INFO 点击元素:btnLogin
2021-10-29 03:52:13,220 base.py[line:21] INFO 打开网址http://101.251.192.227:5001/
2021-10-29 03:52:13,222 base.py[line:49] INFO 输入元素LoginName文字:test
2021-10-29 03:52:13,322 base.py[line:49] INFO 输入元素Password文字:acctrue1
2021-10-29 03:52:13,383 base.py[line:34] INFO 点击元素:btnLogin
2021-10-29 03:55:10,613 base.py[line:21] INFO 打开网址http://101.251.192.227:5001/
2021-10-29 03:55:10,615 base.py[line:49] INFO 输入元素LoginName文字:test
2021-10-29 03:55:10,714 base.py[line:49] INFO 输入元素Password文字:acctrue1
2021-10-29 03:55:10,779 base.py[line:34] INFO 点击元素:btnLogin
2021-10-29 03:56:25,682 base.py[line:21] INFO 打开网址http://101.251.192.227:5001/
2021-10-29 03:56:25,683 base.py[line:49] INFO 输入元素LoginName文字:test
2021-10-29 03:56:25,778 base.py[line:49] INFO 输入元素Password文字:acctrue1
2021-10-29 03:56:25,856 base.py[line:34] INFO 点击元素:btnLogin
2021-10-29 04:03:13,387 conftest.py[line:75] INFO 自动化测试开始--------------------
2021-10-29 04:03:22,994 conftest.py[line:77] INFO 初始化成功
2021-10-29 04:03:23,692 base.py[line:21] INFO 打开网址http://101.251.192.227:5001/
2021-10-29 04:03:23,694 base.py[line:49] INFO 输入元素LoginName文字:test
2021-10-29 04:03:23,792 base.py[line:49] INFO 输入元素Password文字:acctrue1
2021-10-29 04:03:23,853 base.py[line:34] INFO 点击元素:btnLogin
2021-10-29 04:03:29,438 conftest.py[line:80] INFO 自动化测试结束--------------------
2021-10-29 04:03:52,265 conftest.py[line:75] INFO 自动化测试开始--------------------
2021-10-29 04:04:01,777 conftest.py[line:77] INFO 初始化成功
2021-10-29 04:04:02,485 base.py[line:21] INFO 打开网址http://101.251.192.227:5001/
2021-10-29 04:04:02,486 base.py[line:49] INFO 输入元素LoginName文字:test
2021-10-29 04:04:02,584 base.py[line:49] INFO 输入元素Password文字:acctrue1
2021-10-29 04:04:02,643 base.py[line:34] INFO 点击元素:btnLogin
2021-10-29 04:04:08,245 conftest.py[line:80] INFO 自动化测试结束--------------------
2021-10-29 04:04:10,357 conftest.py[line:75] INFO 自动化测试开始--------------------
2021-10-29 04:04:10,357 conftest.py[line:77] INFO 初始化成功
2021-10-29 04:04:18,780 conftest.py[line:80] INFO 自动化测试结束--------------------
2021-10-29 04:04:59,644 conftest.py[line:75] INFO 自动化测试开始--------------------
2021-10-29 04:05:09,163 conftest.py[line:77] INFO 初始化成功
2021-10-29 04:05:09,745 base.py[line:21] INFO 打开网址http://101.251.192.227:5001/
2021-10-29 04:05:09,746 base.py[line:49] INFO 输入元素LoginName文字:test
2021-10-29 04:05:09,843 base.py[line:49] INFO 输入元素Password文字:acctrue1
2021-10-29 04:05:09,900 base.py[line:34] INFO 点击元素:btnLogin
2021-10-29 04:05:15,577 conftest.py[line:80] INFO 自动化测试结束--------------------
2021-10-29 04:05:15,620 conftest.py[line:75] INFO 自动化测试开始--------------------
2021-10-29 04:05:15,620 conftest.py[line:77] INFO 初始化成功
2021-10-29 04:05:15,763 conftest.py[line:80] INFO 自动化测试结束--------------------
2021-10-29 04:06:12,008 conftest.py[line:75] INFO 自动化测试开始--------------------
2021-10-29 04:06:21,565 conftest.py[line:77] INFO 初始化成功
2021-10-29 04:06:22,167 base.py[line:21] INFO 打开网址http://101.251.192.227:5001/
2021-10-29 04:06:22,168 base.py[line:49] INFO 输入元素LoginName文字:test
2021-10-29 04:06:22,278 base.py[line:49] INFO 输入元素Password文字:acctrue1
2021-10-29 04:06:22,342 base.py[line:34] INFO 点击元素:btnLogin
2021-10-29 04:06:27,944 conftest.py[line:80] INFO 自动化测试结束--------------------
2021-10-29 04:06:27,986 conftest.py[line:75] INFO 自动化测试开始--------------------
2021-10-29 04:06:27,986 conftest.py[line:77] INFO 初始化成功
2021-10-29 04:06:28,139 conftest.py[line:80] INFO 自动化测试结束--------------------
2021-10-29 04:07:50,251 conftest.py[line:75] INFO 自动化测试开始--------------------
2021-10-29 04:07:59,757 conftest.py[line:77] INFO 初始化成功
2021-10-29 04:08:00,472 base.py[line:21] INFO 打开网址http://101.251.192.227:5001/
2021-10-29 04:08:00,474 base.py[line:49] INFO 输入元素LoginName文字:test
2021-10-29 04:08:00,570 base.py[line:49] INFO 输入元素Password文字:acctrue1
2021-10-29 04:08:00,634 base.py[line:34] INFO 点击元素:btnLogin
2021-10-29 04:08:06,217 conftest.py[line:80] INFO 自动化测试结束--------------------
2021-10-29 04:08:08,297 conftest.py[line:75] INFO 自动化测试开始--------------------
2021-10-29 04:08:08,297 conftest.py[line:77] INFO 初始化成功
2021-10-29 04:08:16,658 conftest.py[line:80] INFO 自动化测试结束--------------------
2021-10-29 04:09:00,790 conftest.py[line:75] INFO 自动化测试开始--------------------
2021-10-29 04:09:00,799 conftest.py[line:75] INFO 自动化测试开始--------------------
2021-10-29 04:10:16,870 conftest.py[line:74] INFO 自动化测试开始--------------------
2021-10-29 04:10:26,461 conftest.py[line:76] INFO 初始化成功
2021-10-29 04:10:27,084 base.py[line:21] INFO 打开网址http://101.251.192.227:5001/
2021-10-29 04:10:27,086 base.py[line:49] INFO 输入元素LoginName文字:test
2021-10-29 04:10:27,183 base.py[line:49] INFO 输入元素Password文字:acctrue1
2021-10-29 04:10:27,247 base.py[line:34] INFO 点击元素:btnLogin
2021-10-29 04:10:32,845 conftest.py[line:79] INFO 自动化测试结束--------------------
2021-10-29 04:10:36,921 conftest.py[line:74] INFO 自动化测试开始--------------------
2021-10-29 04:10:46,468 conftest.py[line:76] INFO 初始化成功
2021-10-29 04:10:47,058 base.py[line:21] INFO 打开网址http://101.251.192.227:5001/
2021-10-29 04:10:47,058 base.py[line:49] INFO 输入元素LoginName文字:test
2021-10-29 04:10:47,155 base.py[line:49] INFO 输入元素Password文字:acctrue1
2021-10-29 04:10:47,212 base.py[line:34] INFO 点击元素:btnLogin
2021-10-29 04:10:52,968 conftest.py[line:79] INFO 自动化测试结束--------------------
2021-10-29 04:11:55,235 conftest.py[line:72] INFO 自动化测试开始--------------------
2021-10-29 04:12:04,760 conftest.py[line:74] INFO 初始化成功
2021-10-29 04:12:05,357 base.py[line:21] INFO 打开网址http://101.251.192.227:5001/
2021-10-29 04:12:05,358 base.py[line:49] INFO 输入元素LoginName文字:test
2021-10-29 04:12:05,451 base.py[line:49] INFO 输入元素Password文字:acctrue1
2021-10-29 04:12:05,509 base.py[line:34] INFO 点击元素:btnLogin
2021-10-29 04:12:13,209 conftest.py[line:78] INFO 自动化测试结束--------------------
2021-10-29 04:12:13,217 conftest.py[line:72] INFO 自动化测试开始--------------------
2021-10-29 04:12:22,767 conftest.py[line:74] INFO 初始化成功
2021-10-29 04:12:23,410 base.py[line:21] INFO 打开网址http://101.251.192.227:5001/
2021-10-29 04:12:23,411 base.py[line:49] INFO 输入元素LoginName文字:test
2021-10-29 04:12:23,508 base.py[line:49] INFO 输入元素Password文字:acctrue1
2021-10-29 04:12:23,567 base.py[line:34] INFO 点击元素:btnLogin
2021-10-29 04:12:31,395 conftest.py[line:78] INFO 自动化测试结束--------------------
2021-10-30 19:21:34,363 conftest.py[line:72] INFO 自动化测试开始--------------------
2021-10-30 19:21:44,090 conftest.py[line:74] INFO 初始化成功
2021-10-30 19:21:44,784 base.py[line:21] INFO 打开网址http://101.251.192.227:5001/
2021-10-30 19:21:44,786 base.py[line:49] INFO 输入元素LoginName文字:test
2021-10-30 19:21:45,031 base.py[line:49] INFO 输入元素Password文字:acctrue1
2021-10-30 19:21:45,093 base.py[line:34] INFO 点击元素:btnLogin
2021-10-30 19:21:52,722 conftest.py[line:78] INFO 自动化测试结束--------------------
